<?xml version="1.0" encoding="UTF-8"?>
<coverage generated="1719161211767" clover="3.2.0">
  <project timestamp="1719161211767" name="All files">
    <metrics statements="32" coveredstatements="32" conditionals="4" coveredconditionals="3" methods="15" coveredmethods="15" elements="51" coveredelements="50" complexity="0" loc="32" ncloc="32" packages="1" files="4" classes="4"/>
    <file name="Body.js" path="C:\Users\rajat\Documents\Foodie Junction\src\components\Body.js">
      <metrics statements="27" coveredstatements="27" conditionals="4" coveredconditionals="3" methods="12" coveredmethods="12"/>
      <line num="8" count="2" type="stmt"/>
      <line num="9" count="7" type="stmt"/>
      <line num="10" count="7" type="stmt"/>
      <line num="11" count="7" type="stmt"/>
      <line num="13" count="7" type="stmt"/>
      <line num="14" count="2" type="stmt"/>
      <line num="18" count="7" type="stmt"/>
      <line num="19" count="2" type="stmt"/>
      <line num="22" count="2" type="stmt"/>
      <line num="23" count="2" type="stmt"/>
      <line num="24" count="24" type="stmt"/>
      <line num="27" count="2" type="stmt"/>
      <line num="30" count="2" type="stmt"/>
      <line num="36" count="7" type="stmt"/>
      <line num="37" count="8" type="stmt"/>
      <line num="38" count="1" type="stmt"/>
      <line num="41" count="7" type="stmt"/>
      <line num="42" count="1" type="stmt"/>
      <line num="43" count="8" type="stmt"/>
      <line num="45" count="1" type="stmt"/>
      <line num="48" count="7" type="stmt"/>
      <line num="52" count="7" type="cond" truecount="1" falsecount="1"/>
      <line num="54" count="7" type="cond" truecount="2" falsecount="0"/>
      <line num="62" count="1" type="stmt"/>
      <line num="73" count="1" type="stmt"/>
      <line num="80" count="1" type="stmt"/>
      <line num="89" count="31" type="stmt"/>
    </file>
    <file name="Contact.js" path="C:\Users\rajat\Documents\Foodie Junction\src\components\Contact.js">
      <metrics statements="1" coveredstatements="1" conditionals="0" coveredconditionals="0" methods="1" coveredmethods="1"/>
      <line num="4" count="6" type="stmt"/>
    </file>
    <file name="RestrauntCard.js" path="C:\Users\rajat\Documents\Foodie Junction\src\components\RestrauntCard.js">
      <metrics statements="2" coveredstatements="2" conditionals="0" coveredconditionals="0" methods="1" coveredmethods="1"/>
      <line num="3" count="2" type="stmt"/>
      <line num="4" count="32" type="stmt"/>
    </file>
    <file name="sum.js" path="C:\Users\rajat\Documents\Foodie Junction\src\components\sum.js">
      <metrics statements="2" coveredstatements="2" conditionals="0" coveredconditionals="0" methods="1" coveredmethods="1"/>
      <line num="1" count="1" type="stmt"/>
      <line num="2" count="1" type="stmt"/>
    </file>
  </project>
</coverage>
