{"C:\\Users\\rajat\\Documents\\Foodie Junction\\src\\components\\Body.js": {"path":"C:\\Users\\rajat\\Documents\\Foodie Junction\\src\\components\\Body.js","statementMap":{"0":{"start":{"line":8,"column":13},"end":{"line":108,"column":1}},"1":{"start":{"line":9,"column":32},"end":{"line":9,"column":44}},"2":{"start":{"line":10,"column":50},"end":{"line":10,"column":62}},"3":{"start":{"line":11,"column":30},"end":{"line":11,"column":44}},"4":{"start":{"line":13,"column":2},"end":{"line":15,"column":9}},"5":{"start":{"line":14,"column":4},"end":{"line":14,"column":16}},"6":{"start":{"line":18,"column":20},"end":{"line":33,"column":3}},"7":{"start":{"line":19,"column":17},"end":{"line":21,"column":5}},"8":{"start":{"line":22,"column":17},"end":{"line":22,"column":34}},"9":{"start":{"line":23,"column":23},"end":{"line":25,"column":5}},"10":{"start":{"line":24,"column":16},"end":{"line":24,"column":62}},"11":{"start":{"line":27,"column":4},"end":{"line":29,"column":6}},"12":{"start":{"line":30,"column":4},"end":{"line":32,"column":6}},"13":{"start":{"line":36,"column":22},"end":{"line":39,"column":3}},"14":{"start":{"line":37,"column":17},"end":{"line":37,"column":75}},"15":{"start":{"line":37,"column":51},"end":{"line":37,"column":74}},"16":{"start":{"line":38,"column":4},"end":{"line":38,"column":32}},"17":{"start":{"line":41,"column":21},"end":{"line":46,"column":3}},"18":{"start":{"line":42,"column":20},"end":{"line":44,"column":5}},"19":{"start":{"line":43,"column":6},"end":{"line":43,"column":65}},"20":{"start":{"line":45,"column":4},"end":{"line":45,"column":35}},"21":{"start":{"line":48,"column":22},"end":{"line":48,"column":39}},"22":{"start":{"line":52,"column":2},"end":{"line":52,"column":165}},"23":{"start":{"line":52,"column":29},"end":{"line":52,"column":165}},"24":{"start":{"line":54,"column":2},"end":{"line":107,"column":4}},"25":{"start":{"line":62,"column":12},"end":{"line":62,"column":26}},"26":{"start":{"line":73,"column":14},"end":{"line":73,"column":40}},"27":{"start":{"line":80,"column":14},"end":{"line":80,"column":27}},"28":{"start":{"line":89,"column":10},"end":{"line":103,"column":17}}},"fnMap":{"0":{"name":"(anonymous_0)","decl":{"start":{"line":8,"column":13},"end":{"line":8,"column":14}},"loc":{"start":{"line":8,"column":19},"end":{"line":108,"column":1}},"line":8},"1":{"name":"(anonymous_1)","decl":{"start":{"line":13,"column":12},"end":{"line":13,"column":13}},"loc":{"start":{"line":13,"column":18},"end":{"line":15,"column":3}},"line":13},"2":{"name":"(anonymous_2)","decl":{"start":{"line":18,"column":20},"end":{"line":18,"column":21}},"loc":{"start":{"line":18,"column":32},"end":{"line":33,"column":3}},"line":18},"3":{"name":"(anonymous_3)","decl":{"start":{"line":24,"column":6},"end":{"line":24,"column":7}},"loc":{"start":{"line":24,"column":16},"end":{"line":24,"column":62}},"line":24},"4":{"name":"(anonymous_4)","decl":{"start":{"line":36,"column":22},"end":{"line":36,"column":23}},"loc":{"start":{"line":36,"column":28},"end":{"line":39,"column":3}},"line":36},"5":{"name":"(anonymous_5)","decl":{"start":{"line":37,"column":41},"end":{"line":37,"column":42}},"loc":{"start":{"line":37,"column":51},"end":{"line":37,"column":74}},"line":37},"6":{"name":"(anonymous_6)","decl":{"start":{"line":41,"column":21},"end":{"line":41,"column":22}},"loc":{"start":{"line":41,"column":27},"end":{"line":46,"column":3}},"line":41},"7":{"name":"(anonymous_7)","decl":{"start":{"line":42,"column":35},"end":{"line":42,"column":36}},"loc":{"start":{"line":43,"column":6},"end":{"line":43,"column":65}},"line":43},"8":{"name":"(anonymous_8)","decl":{"start":{"line":61,"column":19},"end":{"line":61,"column":20}},"loc":{"start":{"line":61,"column":25},"end":{"line":63,"column":11}},"line":61},"9":{"name":"(anonymous_9)","decl":{"start":{"line":72,"column":22},"end":{"line":72,"column":23}},"loc":{"start":{"line":72,"column":29},"end":{"line":74,"column":13}},"line":72},"10":{"name":"(anonymous_10)","decl":{"start":{"line":79,"column":21},"end":{"line":79,"column":22}},"loc":{"start":{"line":79,"column":27},"end":{"line":81,"column":13}},"line":79},"11":{"name":"(anonymous_11)","decl":{"start":{"line":88,"column":30},"end":{"line":88,"column":31}},"loc":{"start":{"line":89,"column":10},"end":{"line":103,"column":17}},"line":89}},"branchMap":{"0":{"loc":{"start":{"line":52,"column":2},"end":{"line":52,"column":165}},"type":"if","locations":[{"start":{"line":52,"column":2},"end":{"line":52,"column":165}},{"start":{},"end":{}}],"line":52},"1":{"loc":{"start":{"line":54,"column":9},"end":{"line":107,"column":3}},"type":"cond-expr","locations":[{"start":{"line":55,"column":4},"end":{"line":55,"column":15}},{"start":{"line":57,"column":4},"end":{"line":106,"column":11}}],"line":54}},"s":{"0":2,"1":7,"2":7,"3":7,"4":7,"5":2,"6":7,"7":2,"8":2,"9":2,"10":24,"11":2,"12":2,"13":7,"14":1,"15":8,"16":1,"17":7,"18":1,"19":8,"20":1,"21":7,"22":7,"23":0,"24":7,"25":1,"26":1,"27":1,"28":31},"f":{"0":7,"1":2,"2":2,"3":24,"4":1,"5":8,"6":1,"7":8,"8":1,"9":1,"10":1,"11":31},"b":{"0":[0,7],"1":[2,5]},"_coverageSchema":"1a1c01bbd47fc00a2c39e90264f33305004495a9","hash":"116c2ab91c40e795a45b4f263215721525e01175"}
,"C:\\Users\\rajat\\Documents\\Foodie Junction\\src\\components\\Contact.js": {"path":"C:\\Users\\rajat\\Documents\\Foodie Junction\\src\\components\\Contact.js","statementMap":{"0":{"start":{"line":4,"column":2},"end":{"line":23,"column":3}}},"fnMap":{"0":{"name":"Contact","decl":{"start":{"line":3,"column":9},"end":{"line":3,"column":16}},"loc":{"start":{"line":3,"column":19},"end":{"line":24,"column":1}},"line":3}},"branchMap":{},"s":{"0":6},"f":{"0":6},"b":{},"_coverageSchema":"1a1c01bbd47fc00a2c39e90264f33305004495a9","hash":"0b18d814192339701911fa1156f31294c4d3b594"}
,"C:\\Users\\rajat\\Documents\\Foodie Junction\\src\\components\\RestrauntCard.js": {"path":"C:\\Users\\rajat\\Documents\\Foodie Junction\\src\\components\\RestrauntCard.js","statementMap":{"0":{"start":{"line":3,"column":22},"end":{"line":17,"column":1}},"1":{"start":{"line":4,"column":2},"end":{"line":16,"column":4}}},"fnMap":{"0":{"name":"(anonymous_0)","decl":{"start":{"line":3,"column":22},"end":{"line":3,"column":23}},"loc":{"start":{"line":3,"column":33},"end":{"line":17,"column":1}},"line":3}},"branchMap":{},"s":{"0":2,"1":32},"f":{"0":32},"b":{},"_coverageSchema":"1a1c01bbd47fc00a2c39e90264f33305004495a9","hash":"c63224bd9c990de0196671453c56bac3f30f7a97"}
,"C:\\Users\\rajat\\Documents\\Foodie Junction\\src\\components\\sum.js": {"path":"C:\\Users\\rajat\\Documents\\Foodie Junction\\src\\components\\sum.js","statementMap":{"0":{"start":{"line":1,"column":19},"end":{"line":3,"column":1}},"1":{"start":{"line":2,"column":4},"end":{"line":2,"column":17}}},"fnMap":{"0":{"name":"(anonymous_0)","decl":{"start":{"line":1,"column":19},"end":{"line":1,"column":20}},"loc":{"start":{"line":1,"column":29},"end":{"line":3,"column":1}},"line":1}},"branchMap":{},"s":{"0":1,"1":1},"f":{"0":1},"b":{},"_coverageSchema":"1a1c01bbd47fc00a2c39e90264f33305004495a9","hash":"c2983073f9d4aab3036d50a652c3827a0d31d792"}
}
