{"C:\\Users\\rajat\\Documents\\Foodie Junction\\src\\components\\Contact.js": {"path":"C:\\Users\\rajat\\Documents\\Foodie Junction\\src\\components\\Contact.js","statementMap":{"0":{"start":{"line":4,"column":2},"end":{"line":25,"column":3}}},"fnMap":{"0":{"name":"Contact","decl":{"start":{"line":3,"column":9},"end":{"line":3,"column":16}},"loc":{"start":{"line":3,"column":19},"end":{"line":26,"column":1}},"line":3}},"branchMap":{},"s":{"0":3},"f":{"0":3},"b":{},"_coverageSchema":"1a1c01bbd47fc00a2c39e90264f33305004495a9","hash":"4d9e019196214525fe7fdcba0c091107e95af3a3"}
}
