TN:
SF:src\components\Body.js
FN:8,(anonymous_0)
FN:13,(anonymous_1)
FN:18,(anonymous_2)
FN:24,(anonymous_3)
FN:36,(anonymous_4)
FN:37,(anonymous_5)
FN:41,(anonymous_6)
FN:42,(anonymous_7)
FN:61,(anonymous_8)
FN:72,(anonymous_9)
FN:79,(anonymous_10)
FN:88,(anonymous_11)
FNF:12
FNH:12
FNDA:7,(anonymous_0)
FNDA:2,(anonymous_1)
FNDA:2,(anonymous_2)
FNDA:24,(anonymous_3)
FNDA:1,(anonymous_4)
FNDA:8,(anonymous_5)
FNDA:1,(anonymous_6)
FNDA:8,(anonymous_7)
FNDA:1,(anonymous_8)
FNDA:1,(anonymous_9)
FNDA:1,(anonymous_10)
FNDA:31,(anonymous_11)
DA:8,2
DA:9,7
DA:10,7
DA:11,7
DA:13,7
DA:14,2
DA:18,7
DA:19,2
DA:22,2
DA:23,2
DA:24,24
DA:27,2
DA:30,2
DA:36,7
DA:37,8
DA:38,1
DA:41,7
DA:42,1
DA:43,8
DA:45,1
DA:48,7
DA:52,7
DA:54,7
DA:62,1
DA:73,1
DA:80,1
DA:89,31
LF:27
LH:27
BRDA:52,0,0,0
BRDA:52,0,1,7
BRDA:54,1,0,2
BRDA:54,1,1,5
BRF:4
BRH:3
end_of_record
TN:
SF:src\components\Contact.js
FN:3,Contact
FNF:1
FNH:1
FNDA:6,Contact
DA:4,6
LF:1
LH:1
BRF:0
BRH:0
end_of_record
TN:
SF:src\components\RestrauntCard.js
FN:3,(anonymous_0)
FNF:1
FNH:1
FNDA:32,(anonymous_0)
DA:3,2
DA:4,32
LF:2
LH:2
BRF:0
BRH:0
end_of_record
TN:
SF:src\components\sum.js
FN:1,(anonymous_0)
FNF:1
FNH:1
FNDA:1,(anonymous_0)
DA:1,1
DA:2,1
LF:2
LH:2
BRF:0
BRH:0
end_of_record
